[www.allinlondon.co.uk/directory/hairdressers/48484-kay-and-kompany.html]
[www.allinlondon.co.uk/favicon-32x32.png]
[www.allinlondon.co.uk/favicon-16x16.png]
[backblue.gif]
[fade.gif]
[index.html]
[www.allinlondon.co.uk/img/legacy/businesses/main/7895.jpg]
[www.allinlondon.co.uk/images/ail-logo.png]
[www.allinlondon.co.uk/css/coreda79.css]
[pagead2.googlesyndication.com/pagead/js/f.txt]
[securepubads.g.doubleclick.net/tag/js/f.txt]
[www.allinlondon.co.uk/images/megamenu/high-street.jpg]
[www.allinlondon.co.uk/images/megamenu/whats-on.jpg]
[www.allinlondon.co.uk/images/megamenu/nightlife.jpg]
[www.allinlondon.co.uk/images/megamenu/visit.jpg]
[www.allinlondon.co.uk/images/megamenu/more.jpg]
[www.allinlondon.co.uk/directory/hairdressers/215917-hair-by-toy-co.html]
[www.allinlondon.co.uk/directory/hairdressers/98923-charlotte-murray.html]
[www.allinlondon.co.uk/directory/hairdressers/182004-pop-hair-beauty.html]
[www.allinlondon.co.uk/img/legacy/businesses/main/7896.jpg]
[www.allinlondon.co.uk/img/legacy/businesses/main/7897.jpg]
[www.allinlondon.co.uk/img/legacy/businesses/main/7898.jpg]
[www.allinlondon.co.uk/img/legacy/businesses/main/8527.jpg]
[www.allinlondon.co.uk/img/legacy/businesses/main/11034.jpg]
[www.allinlondon.co.uk/img/legacy/businesses/main/17272.jpg]
[www.allinlondon.co.uk/img/legacy/businesses/main/17273.jpg]
[www.allinlondon.co.uk/img/legacy/businesses/main/17793.jpg]
[www.allinlondon.co.uk/cdn-cgi/scripts/5c5dd728/cloudflare-static/email-decode.min.js]
[www.allinlondon.co.uk/img/snippets/5837/main-ail-6874d4f078a376.47989109.jpg]
[www.allinlondon.co.uk/img/snippets/5836/preview-ail-6874d3fe0b1065.33736322.jpg]
[www.allinlondon.co.uk/img/snippets/5835/preview-ail-686be826ed4745.28305737.jpg]
[www.allinlondon.co.uk/img/snippets/5834/preview-ail-686be65ca35de1.12689149.jpg]
[www.allinlondon.co.uk/img/snippets/5833/preview-ail-68627075280760.68194465.jpg]
[www.allinlondon.co.uk/directory/hairdressers/48484-kay-and-kompany.html]
[www.allinlondon.co.uk/css/coreda79.css]
[www.allinlondon.co.uk/js/coref9cb.js]
[www.allinlondon.co.uk/images/venues/images_all/13349057.jpg]
[www.allinlondon.co.uk/directory/hairdressers/215917-hair-by-toy-co.html]
[www.allinlondon.co.uk/directory/hairdressers/69131-visage.html]
[www.allinlondon.co.uk/images/venues/images_all/10988799.jpg]
[www.allinlondon.co.uk/directory/hairdressers/248192-muswell-hill-barbers.html]
[www.allinlondon.co.uk/directory/hairdressers/98923-charlotte-murray.html]
[www.allinlondon.co.uk/directory/hairdressers/98957-n10-hair.html]
[www.allinlondon.co.uk/images/venues/images_all/12982067.jpg]
[www.allinlondon.co.uk/directory/hairdressers/182004-pop-hair-beauty.html]
[www.allinlondon.co.uk/images/venues/images_all/10653261.jpg]
[www.allinlondon.co.uk/directory/hairdressers/69136-head-ii-head.html]
[www.allinlondon.co.uk/directory/hairdressers/260137-ymk-hair.html]
[www.allinlondon.co.uk/directory/hairdressers/69131-visage.html]
[www.allinlondon.co.uk/directory/hairdressers/69157-anitas-hairdressers.html]
[www.allinlondon.co.uk/images/defaults/ail-backdrop-center.png]
[www.allinlondon.co.uk/directory/hairdressers/248192-muswell-hill-barbers.html]
[www.allinlondon.co.uk/images/venues/images_all/10988842.jpg]
[www.allinlondon.co.uk/directory/hairdressers/98957-n10-hair.html]
[www.allinlondon.co.uk/directory/hairdressers/169542-kimberleys.html]
[www.allinlondon.co.uk/images/venues/images_all/10653268.jpg]
[www.allinlondon.co.uk/directory/hairdressers/69136-head-ii-head.html]
[www.allinlondon.co.uk/directory/hairdressers/71141-essential-touch.html]
[www.allinlondon.co.uk/images/venues/images_all/14023200.jpg]
[www.allinlondon.co.uk/directory/hairdressers/260137-ymk-hair.html]
[www.allinlondon.co.uk/directory/hairdressers/70462-cutting-bay.html]
[www.allinlondon.co.uk/images/venues/images_all/10653304.jpg]
[www.allinlondon.co.uk/directory/hairdressers/69157-anitas-hairdressers.html]
[www.allinlondon.co.uk/images/venues/images_all/12814067.jpg]
[www.allinlondon.co.uk/directory/hairdressers/169542-kimberleys.html]
[www.allinlondon.co.uk/directory/hairdressers/261221-hair-by-metin-sam.html]
[www.allinlondon.co.uk/images/venues/images_all/10657418.jpg]
[www.allinlondon.co.uk/directory/hairdressers/118804-su-hair-beauty.html]
[www.allinlondon.co.uk/directory/hairdressers/177025-i-am-hair.html]
[www.allinlondon.co.uk/directory/hairdressers/71141-essential-touch.html]
[www.allinlondon.co.uk/directory/hairdressers/71235-snippers-hair-salon.html]
[www.allinlondon.co.uk/images/venues/images_all/10655741.jpg]
[www.allinlondon.co.uk/directory/hairdressers/70462-cutting-bay.html]
[www.allinlondon.co.uk/directory/hairdressers/234697-longer-hair-extensions.html]
[www.allinlondon.co.uk/images/venues/images_all/14007986.jpg]
[www.allinlondon.co.uk/directory/hairdressers/184426-hair-202.html]
[www.allinlondon.co.uk/directory/hairdressers/261221-hair-by-metin-sam.html]
[www.allinlondon.co.uk/directory/hairdressers/261216-emily-hairdressing.html]
[www.allinlondon.co.uk/images/venues/images_all/12147177.jpg]
[www.allinlondon.co.uk/directory/hairdressers/118804-su-hair-beauty.html]
[www.allinlondon.co.uk/images/venues/images_all/12925897.jpg]
[www.allinlondon.co.uk/directory/hairdressers/177025-i-am-hair.html]
[www.allinlondon.co.uk/images/venues/images_all/10657525.jpg]
[www.allinlondon.co.uk/directory/hairdressers/71235-snippers-hair-salon.html]
[www.allinlondon.co.uk/img/businesses/234697/main-ail-5ef5c8e9d225c0.34181052.png]
[www.allinlondon.co.uk/directory/hairdressers/234697-longer-hair-extensions.html]
[www.allinlondon.co.uk/directory/hairdressers/272895-elysia-valentina.html]
[www.allinlondon.co.uk/images/venues/images_all/12998861.jpg]
[www.allinlondon.co.uk/directory/hairdressers/184426-hair-202.html]
[www.allinlondon.co.uk/directory/hairdressers/219956-antoni-of-london.html]
[www.allinlondon.co.uk/images/venues/images_all/14008110.jpg]
[www.allinlondon.co.uk/directory/hairdressers/261216-emily-hairdressing.html]
[www.allinlondon.co.uk/directory/hairdressers/183647-antoni-of-london-hairdressing.html]
[www.allinlondon.co.uk/images/venues/images_all/14127699.jpg]
[www.allinlondon.co.uk/directory/hairdressers/272895-elysia-valentina.html]
[www.allinlondon.co.uk/directory/hairdressers/183892-envy-on-the-hill.html]
[www.allinlondon.co.uk/images/venues/images_all/13433082.jpg]
[www.allinlondon.co.uk/directory/hairdressers/219956-antoni-of-london.html]
[www.allinlondon.co.uk/directory/hairdressers/183647-antoni-of-london-hairdressing.html]
[www.allinlondon.co.uk/directory/hairdressers/239757-sach-hair-studio.html]
[www.allinlondon.co.uk/images/venues/images_all/12985605.jpg]
[www.allinlondon.co.uk/directory/hairdressers/177040-la-coupe.html]
[www.allinlondon.co.uk/directory/hairdressers/71527-urban-roots.html]
[www.allinlondon.co.uk/directory/hairdressers/183892-envy-on-the-hill.html]
[www.allinlondon.co.uk/directory/hairdressers/71537-funky-divas.html]
[www.allinlondon.co.uk/images/venues/images_all/13702218.jpg]
[www.allinlondon.co.uk/directory/hairdressers/239757-sach-hair-studio.html]
[www.allinlondon.co.uk/directory/hairdressers/42646-solo.html]
[www.allinlondon.co.uk/images/venues/images_all/12925919.jpg]
[www.allinlondon.co.uk/directory/hairdressers/218734-chalk.html]
[www.allinlondon.co.uk/directory/hairdressers/145061-mr.html]
[www.allinlondon.co.uk/directory/hairdressers/177040-la-coupe.html]
[www.allinlondon.co.uk/directory/hairdressers/259087-sizzers-hairdressers.html]
[www.allinlondon.co.uk/images/venues/images_all/10657866.jpg]
[www.allinlondon.co.uk/directory/hairdressers/71527-urban-roots.html]
[www.allinlondon.co.uk/directory/hairdressers/250870-hair-plus.html]
[www.allinlondon.co.uk/images/venues/images_all/10657877.jpg]
[www.allinlondon.co.uk/directory/hairdressers/71537-funky-divas.html]
[www.allinlondon.co.uk/images/venues/images_all/10321648.jpg]
[www.allinlondon.co.uk/directory/hairdressers/42646-solo.html]
[www.allinlondon.co.uk/images/venues/images_all/13409190.jpg]
[www.allinlondon.co.uk/directory/hairdressers/218734-chalk.html]
[www.allinlondon.co.uk/images/venues/images_all/12548036.jpg]
[www.allinlondon.co.uk/directory/hairdressers/145061-mr.html]
[www.allinlondon.co.uk/directory/hairdressers/169086-jo-jo-flo.html]
[www.allinlondon.co.uk/images/venues/images_all/13829868.jpg]
[www.allinlondon.co.uk/directory/hairdressers/259087-sizzers-hairdressers.html]
[www.allinlondon.co.uk/images/venues/images_all/13939485.jpg]
[www.allinlondon.co.uk/directory/hairdressers/250870-hair-plus.html]
[www.allinlondon.co.uk/directory/hairdressers/71447-georgio-hair-salon.html]
[www.allinlondon.co.uk/images/venues/images_all/12808829.jpg]
[www.allinlondon.co.uk/directory/hairdressers/169086-jo-jo-flo.html]
[www.allinlondon.co.uk/images/venues/images_all/10657769.jpg]
[www.allinlondon.co.uk/directory/hairdressers/71447-georgio-hair-salon.html]
[www.allinlondon.co.uk/directory/hairdressers/71616-elysium.html]
[www.allinlondon.co.uk/images/venues/images_all/10657970.jpg]
[www.allinlondon.co.uk/directory/hairdressers/71616-elysium.html]
